INFO - 2025-01-31 00:27:42 --> Session: Class initialized using 'CodeIgniter\Session\Handlers\FileHandler' driver.
INFO - 2025-01-31 00:27:42 --> Session: Class initialized using 'CodeIgniter\Session\Handlers\FileHandler' driver.
INFO - 2025-01-31 00:27:55 --> Session: Class initialized using 'CodeIgniter\Session\Handlers\FileHandler' driver.
INFO - 2025-01-31 00:28:00 --> Session: Class initialized using 'CodeIgniter\Session\Handlers\FileHandler' driver.
INFO - 2025-01-31 00:28:00 --> Session: Class initialized using 'CodeIgniter\Session\Handlers\FileHandler' driver.
INFO - 2025-01-31 00:28:11 --> Session: Class initialized using 'CodeIgniter\Session\Handlers\FileHandler' driver.
INFO - 2025-01-31 00:28:12 --> Session: Class initialized using 'CodeIgniter\Session\Handlers\FileHandler' driver.
INFO - 2025-01-31 00:28:18 --> Session: Class initialized using 'CodeIgniter\Session\Handlers\FileHandler' driver.
INFO - 2025-01-31 00:28:58 --> Session: Class initialized using 'CodeIgniter\Session\Handlers\FileHandler' driver.
INFO - 2025-01-31 00:29:02 --> Session: Class initialized using 'CodeIgniter\Session\Handlers\FileHandler' driver.
INFO - 2025-01-31 00:29:15 --> Session: Class initialized using 'CodeIgniter\Session\Handlers\FileHandler' driver.
INFO - 2025-01-31 00:29:20 --> Session: Class initialized using 'CodeIgniter\Session\Handlers\FileHandler' driver.
INFO - 2025-01-31 00:29:25 --> Session: Class initialized using 'CodeIgniter\Session\Handlers\FileHandler' driver.
INFO - 2025-01-31 00:32:25 --> Session: Class initialized using 'CodeIgniter\Session\Handlers\FileHandler' driver.
INFO - 2025-01-31 00:32:25 --> Session: Class initialized using 'CodeIgniter\Session\Handlers\FileHandler' driver.
INFO - 2025-01-31 00:32:30 --> Session: Class initialized using 'CodeIgniter\Session\Handlers\FileHandler' driver.
INFO - 2025-01-31 00:32:52 --> Session: Class initialized using 'CodeIgniter\Session\Handlers\FileHandler' driver.
INFO - 2025-01-31 00:32:52 --> Session: Class initialized using 'CodeIgniter\Session\Handlers\FileHandler' driver.
INFO - 2025-01-31 00:32:57 --> Session: Class initialized using 'CodeIgniter\Session\Handlers\FileHandler' driver.
INFO - 2025-01-31 00:32:57 --> Session: Class initialized using 'CodeIgniter\Session\Handlers\FileHandler' driver.
INFO - 2025-01-31 00:33:02 --> Session: Class initialized using 'CodeIgniter\Session\Handlers\FileHandler' driver.
INFO - 2025-01-31 00:33:03 --> Session: Class initialized using 'CodeIgniter\Session\Handlers\FileHandler' driver.
INFO - 2025-01-31 00:33:13 --> Session: Class initialized using 'CodeIgniter\Session\Handlers\FileHandler' driver.
INFO - 2025-01-31 00:33:22 --> Session: Class initialized using 'CodeIgniter\Session\Handlers\FileHandler' driver.
INFO - 2025-01-31 00:33:25 --> Session: Class initialized using 'CodeIgniter\Session\Handlers\FileHandler' driver.
INFO - 2025-01-31 00:33:26 --> Session: Class initialized using 'CodeIgniter\Session\Handlers\FileHandler' driver.
INFO - 2025-01-31 00:33:28 --> Session: Class initialized using 'CodeIgniter\Session\Handlers\FileHandler' driver.
INFO - 2025-01-31 00:33:40 --> Session: Class initialized using 'CodeIgniter\Session\Handlers\FileHandler' driver.
INFO - 2025-01-31 00:33:40 --> Session: Class initialized using 'CodeIgniter\Session\Handlers\FileHandler' driver.
INFO - 2025-01-31 00:33:44 --> Session: Class initialized using 'CodeIgniter\Session\Handlers\FileHandler' driver.
INFO - 2025-01-31 00:33:54 --> Session: Class initialized using 'CodeIgniter\Session\Handlers\FileHandler' driver.
INFO - 2025-01-31 00:33:56 --> Session: Class initialized using 'CodeIgniter\Session\Handlers\FileHandler' driver.
INFO - 2025-01-31 00:34:31 --> Session: Class initialized using 'CodeIgniter\Session\Handlers\FileHandler' driver.
INFO - 2025-01-31 00:34:31 --> Session: Class initialized using 'CodeIgniter\Session\Handlers\FileHandler' driver.
INFO - 2025-01-31 00:34:41 --> Session: Class initialized using 'CodeIgniter\Session\Handlers\FileHandler' driver.
INFO - 2025-01-31 00:34:41 --> Session: Class initialized using 'CodeIgniter\Session\Handlers\FileHandler' driver.
INFO - 2025-01-31 00:34:47 --> Session: Class initialized using 'CodeIgniter\Session\Handlers\FileHandler' driver.
INFO - 2025-01-31 00:35:08 --> Session: Class initialized using 'CodeIgniter\Session\Handlers\FileHandler' driver.
INFO - 2025-01-31 00:35:08 --> Session: Class initialized using 'CodeIgniter\Session\Handlers\FileHandler' driver.
INFO - 2025-01-31 00:35:13 --> Session: Class initialized using 'CodeIgniter\Session\Handlers\FileHandler' driver.
INFO - 2025-01-31 00:35:27 --> Session: Class initialized using 'CodeIgniter\Session\Handlers\FileHandler' driver.
CRITICAL - 2025-01-31 00:35:27 --> Undefined property: stdClass::$prodi
in APPPATH\Controllers\User.php on line 158.
 1 APPPATH\Controllers\User.php(158): CodeIgniter\Debug\Exceptions->errorHandler(2, 'Undefined property: stdClass::$prodi', 'C:\\Users\\tipti\\Documents\\Isa document\\task\\MBUG Development\\MBUG\\app\\Controllers\\User.php', 158)
 2 SYSTEMPATH\CodeIgniter.php(932): App\Controllers\User->cedit_user_profile('14')
 3 SYSTEMPATH\CodeIgniter.php(497): CodeIgniter\CodeIgniter->runController(Object(App\Controllers\User))
 4 SYSTEMPATH\CodeIgniter.php(366): CodeIgniter\CodeIgniter->handleRequest(null, Object(Config\Cache), false)
 5 FCPATH\index.php(67): CodeIgniter\CodeIgniter->run()
 6 SYSTEMPATH\Commands\Server\rewrite.php(47): require_once('C:\\Users\\tipti\\Documents\\Isa document\\task\\MBUG Development\\MBUG\\public\\index.php')
INFO - 2025-01-31 00:49:42 --> Session: Class initialized using 'CodeIgniter\Session\Handlers\FileHandler' driver.
INFO - 2025-01-31 00:51:26 --> Session: Class initialized using 'CodeIgniter\Session\Handlers\FileHandler' driver.
INFO - 2025-01-31 00:51:33 --> Session: Class initialized using 'CodeIgniter\Session\Handlers\FileHandler' driver.
INFO - 2025-01-31 00:51:34 --> Session: Class initialized using 'CodeIgniter\Session\Handlers\FileHandler' driver.
INFO - 2025-01-31 00:51:37 --> Session: Class initialized using 'CodeIgniter\Session\Handlers\FileHandler' driver.
INFO - 2025-01-31 00:51:41 --> Session: Class initialized using 'CodeIgniter\Session\Handlers\FileHandler' driver.
INFO - 2025-01-31 00:53:44 --> Session: Class initialized using 'CodeIgniter\Session\Handlers\FileHandler' driver.
INFO - 2025-01-31 00:53:57 --> Session: Class initialized using 'CodeIgniter\Session\Handlers\FileHandler' driver.
INFO - 2025-01-31 00:57:22 --> Session: Class initialized using 'CodeIgniter\Session\Handlers\FileHandler' driver.
INFO - 2025-01-31 00:58:17 --> Session: Class initialized using 'CodeIgniter\Session\Handlers\FileHandler' driver.
INFO - 2025-01-31 01:03:39 --> Session: Class initialized using 'CodeIgniter\Session\Handlers\FileHandler' driver.
INFO - 2025-01-31 01:03:44 --> Session: Class initialized using 'CodeIgniter\Session\Handlers\FileHandler' driver.
INFO - 2025-01-31 01:04:28 --> Session: Class initialized using 'CodeIgniter\Session\Handlers\FileHandler' driver.
INFO - 2025-01-31 01:04:32 --> Session: Class initialized using 'CodeIgniter\Session\Handlers\FileHandler' driver.
INFO - 2025-01-31 01:04:32 --> Session: Class initialized using 'CodeIgniter\Session\Handlers\FileHandler' driver.
INFO - 2025-01-31 01:04:42 --> Session: Class initialized using 'CodeIgniter\Session\Handlers\FileHandler' driver.
CRITICAL - 2025-01-31 08:04:42 --> get_object_vars(): Argument #1 ($object) must be of type object, null given
in APPPATH\Models\pbModel.php on line 54.
 1 APPPATH\Models\pbModel.php(54): get_object_vars(null)
 2 APPPATH\Controllers\User.php(78): App\Models\pbModel->getPictureN('11')
 3 SYSTEMPATH\CodeIgniter.php(932): App\Controllers\User->user_login_check()
 4 SYSTEMPATH\CodeIgniter.php(497): CodeIgniter\CodeIgniter->runController(Object(App\Controllers\User))
 5 SYSTEMPATH\CodeIgniter.php(366): CodeIgniter\CodeIgniter->handleRequest(null, Object(Config\Cache), false)
 6 FCPATH\index.php(67): CodeIgniter\CodeIgniter->run()
 7 SYSTEMPATH\Commands\Server\rewrite.php(47): require_once('C:\\Users\\tipti\\Documents\\Isa document\\task\\MBUG Development\\MBUG\\public\\index.php')
INFO - 2025-01-31 01:05:23 --> Session: Class initialized using 'CodeIgniter\Session\Handlers\FileHandler' driver.
INFO - 2025-01-31 01:05:54 --> Session: Class initialized using 'CodeIgniter\Session\Handlers\FileHandler' driver.
INFO - 2025-01-31 01:06:10 --> Session: Class initialized using 'CodeIgniter\Session\Handlers\FileHandler' driver.
CRITICAL - 2025-01-31 08:06:10 --> get_object_vars(): Argument #1 ($object) must be of type object, null given
in APPPATH\Models\pbModel.php on line 54.
 1 APPPATH\Models\pbModel.php(54): get_object_vars(null)
 2 APPPATH\Controllers\User.php(79): App\Models\pbModel->getPictureN('11')
 3 SYSTEMPATH\CodeIgniter.php(932): App\Controllers\User->user_login_check()
 4 SYSTEMPATH\CodeIgniter.php(497): CodeIgniter\CodeIgniter->runController(Object(App\Controllers\User))
 5 SYSTEMPATH\CodeIgniter.php(366): CodeIgniter\CodeIgniter->handleRequest(null, Object(Config\Cache), false)
 6 FCPATH\index.php(67): CodeIgniter\CodeIgniter->run()
 7 SYSTEMPATH\Commands\Server\rewrite.php(47): require_once('C:\\Users\\tipti\\Documents\\Isa document\\task\\MBUG Development\\MBUG\\public\\index.php')
INFO - 2025-01-31 01:07:43 --> Session: Class initialized using 'CodeIgniter\Session\Handlers\FileHandler' driver.
INFO - 2025-01-31 01:08:19 --> Session: Class initialized using 'CodeIgniter\Session\Handlers\FileHandler' driver.
INFO - 2025-01-31 01:08:37 --> Session: Class initialized using 'CodeIgniter\Session\Handlers\FileHandler' driver.
INFO - 2025-01-31 01:08:37 --> Session: Class initialized using 'CodeIgniter\Session\Handlers\FileHandler' driver.
INFO - 2025-01-31 01:13:11 --> Session: Class initialized using 'CodeIgniter\Session\Handlers\FileHandler' driver.
INFO - 2025-01-31 01:13:15 --> Session: Class initialized using 'CodeIgniter\Session\Handlers\FileHandler' driver.
INFO - 2025-01-31 01:13:29 --> Session: Class initialized using 'CodeIgniter\Session\Handlers\FileHandler' driver.
INFO - 2025-01-31 01:13:41 --> Session: Class initialized using 'CodeIgniter\Session\Handlers\FileHandler' driver.
INFO - 2025-01-31 01:13:41 --> Session: Class initialized using 'CodeIgniter\Session\Handlers\FileHandler' driver.
INFO - 2025-01-31 01:13:46 --> Session: Class initialized using 'CodeIgniter\Session\Handlers\FileHandler' driver.
INFO - 2025-01-31 01:14:21 --> Session: Class initialized using 'CodeIgniter\Session\Handlers\FileHandler' driver.
INFO - 2025-01-31 01:15:39 --> Session: Class initialized using 'CodeIgniter\Session\Handlers\FileHandler' driver.
INFO - 2025-01-31 01:18:50 --> Session: Class initialized using 'CodeIgniter\Session\Handlers\FileHandler' driver.
CRITICAL - 2025-01-31 01:18:50 --> Attempt to read property "username" on array
in APPPATH\Controllers\Admin.php on line 1218.
 1 APPPATH\Controllers\Admin.php(1218): CodeIgniter\Debug\Exceptions->errorHandler(2, 'Attempt to read property "username" on array', 'C:\\Users\\tipti\\Documents\\Isa document\\task\\MBUG Development\\MBUG\\app\\Controllers\\Admin.php', 1218)
 2 SYSTEMPATH\CodeIgniter.php(932): App\Controllers\Admin->manajemen()
 3 SYSTEMPATH\CodeIgniter.php(497): CodeIgniter\CodeIgniter->runController(Object(App\Controllers\Admin))
 4 SYSTEMPATH\CodeIgniter.php(366): CodeIgniter\CodeIgniter->handleRequest(null, Object(Config\Cache), false)
 5 FCPATH\index.php(67): CodeIgniter\CodeIgniter->run()
 6 SYSTEMPATH\Commands\Server\rewrite.php(47): require_once('C:\\Users\\tipti\\Documents\\Isa document\\task\\MBUG Development\\MBUG\\public\\index.php')
INFO - 2025-01-31 01:19:05 --> Session: Class initialized using 'CodeIgniter\Session\Handlers\FileHandler' driver.
INFO - 2025-01-31 01:19:27 --> Session: Class initialized using 'CodeIgniter\Session\Handlers\FileHandler' driver.
INFO - 2025-01-31 01:19:36 --> Session: Class initialized using 'CodeIgniter\Session\Handlers\FileHandler' driver.
INFO - 2025-01-31 01:19:58 --> Session: Class initialized using 'CodeIgniter\Session\Handlers\FileHandler' driver.
CRITICAL - 2025-01-31 01:19:58 --> Attempt to read property "username" on array
in APPPATH\Controllers\Admin.php on line 1218.
 1 APPPATH\Controllers\Admin.php(1218): CodeIgniter\Debug\Exceptions->errorHandler(2, 'Attempt to read property "username" on array', 'C:\\Users\\tipti\\Documents\\Isa document\\task\\MBUG Development\\MBUG\\app\\Controllers\\Admin.php', 1218)
 2 SYSTEMPATH\CodeIgniter.php(932): App\Controllers\Admin->manajemen()
 3 SYSTEMPATH\CodeIgniter.php(497): CodeIgniter\CodeIgniter->runController(Object(App\Controllers\Admin))
 4 SYSTEMPATH\CodeIgniter.php(366): CodeIgniter\CodeIgniter->handleRequest(null, Object(Config\Cache), false)
 5 FCPATH\index.php(67): CodeIgniter\CodeIgniter->run()
 6 SYSTEMPATH\Commands\Server\rewrite.php(47): require_once('C:\\Users\\tipti\\Documents\\Isa document\\task\\MBUG Development\\MBUG\\public\\index.php')
INFO - 2025-01-31 01:38:23 --> Session: Class initialized using 'CodeIgniter\Session\Handlers\FileHandler' driver.
INFO - 2025-01-31 01:38:27 --> Session: Class initialized using 'CodeIgniter\Session\Handlers\FileHandler' driver.
ERROR - 2025-01-31 01:38:27 --> mysqli_sql_exception: Table 'mbug2.penerima' doesn't exist in C:\Users\tipti\Documents\Isa document\task\MBUG Development\MBUG\vendor\codeigniter4\framework\system\Database\MySQLi\Connection.php:295
Stack trace:
#0 C:\Users\tipti\Documents\Isa document\task\MBUG Development\MBUG\vendor\codeigniter4\framework\system\Database\MySQLi\Connection.php(295): mysqli->query('SELECT `user`.*...', 0)
#1 C:\Users\tipti\Documents\Isa document\task\MBUG Development\MBUG\vendor\codeigniter4\framework\system\Database\BaseConnection.php(692): CodeIgniter\Database\MySQLi\Connection->execute('SELECT `user`.*...')
#2 C:\Users\tipti\Documents\Isa document\task\MBUG Development\MBUG\vendor\codeigniter4\framework\system\Database\BaseConnection.php(606): CodeIgniter\Database\BaseConnection->simpleQuery('SELECT `user`.*...')
#3 C:\Users\tipti\Documents\Isa document\task\MBUG Development\MBUG\vendor\codeigniter4\framework\system\Database\BaseBuilder.php(1616): CodeIgniter\Database\BaseConnection->query('SELECT `user`.*...', Array, false)
#4 C:\Users\tipti\Documents\Isa document\task\MBUG Development\MBUG\app\Models\userModel.php(42): CodeIgniter\Database\BaseBuilder->get()
#5 C:\Users\tipti\Documents\Isa document\task\MBUG Development\MBUG\app\Controllers\Admin.php(1217): App\Models\userModel->getAllUsersWithPicture()
#6 C:\Users\tipti\Documents\Isa document\task\MBUG Development\MBUG\vendor\codeigniter4\framework\system\CodeIgniter.php(932): App\Controllers\Admin->manajemen()
#7 C:\Users\tipti\Documents\Isa document\task\MBUG Development\MBUG\vendor\codeigniter4\framework\system\CodeIgniter.php(497): CodeIgniter\CodeIgniter->runController(Object(App\Controllers\Admin))
#8 C:\Users\tipti\Documents\Isa document\task\MBUG Development\MBUG\vendor\codeigniter4\framework\system\CodeIgniter.php(366): CodeIgniter\CodeIgniter->handleRequest(NULL, Object(Config\Cache), false)
#9 C:\Users\tipti\Documents\Isa document\task\MBUG Development\MBUG\public\index.php(67): CodeIgniter\CodeIgniter->run()
#10 C:\Users\tipti\Documents\Isa document\task\MBUG Development\MBUG\vendor\codeigniter4\framework\system\Commands\Server\rewrite.php(47): require_once('C:\\Users\\tipti\\...')
#11 {main}
CRITICAL - 2025-01-31 01:38:27 --> Table 'mbug2.penerima' doesn't exist
in SYSTEMPATH\Database\MySQLi\Connection.php on line 295.
 1 SYSTEMPATH\Database\MySQLi\Connection.php(295): mysqli->query('SELECT `user`.*, `penerima_beasiswa`.`ppicture`
FROM `user`
LEFT JOIN `penerima` ON `penerima_beasiswa`.`npm` = `user`.`username`', 0)
 2 SYSTEMPATH\Database\BaseConnection.php(692): CodeIgniter\Database\MySQLi\Connection->execute('SELECT `user`.*, `penerima_beasiswa`.`ppicture`
FROM `user`
LEFT JOIN `penerima` ON `penerima_beasiswa`.`npm` = `user`.`username`')
 3 SYSTEMPATH\Database\BaseConnection.php(606): CodeIgniter\Database\BaseConnection->simpleQuery('SELECT `user`.*, `penerima_beasiswa`.`ppicture`
FROM `user`
LEFT JOIN `penerima` ON `penerima_beasiswa`.`npm` = `user`.`username`')
 4 SYSTEMPATH\Database\BaseBuilder.php(1616): CodeIgniter\Database\BaseConnection->query('SELECT `user`.*, `penerima_beasiswa`.`ppicture`
FROM `user`
LEFT JOIN `penerima` ON `penerima_beasiswa`.`npm` = `user`.`username`', [], false)
 5 APPPATH\Models\userModel.php(42): CodeIgniter\Database\BaseBuilder->get()
 6 APPPATH\Controllers\Admin.php(1217): App\Models\userModel->getAllUsersWithPicture()
 7 SYSTEMPATH\CodeIgniter.php(932): App\Controllers\Admin->manajemen()
 8 SYSTEMPATH\CodeIgniter.php(497): CodeIgniter\CodeIgniter->runController(Object(App\Controllers\Admin))
 9 SYSTEMPATH\CodeIgniter.php(366): CodeIgniter\CodeIgniter->handleRequest(null, Object(Config\Cache), false)
10 FCPATH\index.php(67): CodeIgniter\CodeIgniter->run()
11 SYSTEMPATH\Commands\Server\rewrite.php(47): require_once('C:\\Users\\tipti\\Documents\\Isa document\\task\\MBUG Development\\MBUG\\public\\index.php')
INFO - 2025-01-31 01:38:59 --> Session: Class initialized using 'CodeIgniter\Session\Handlers\FileHandler' driver.
INFO - 2025-01-31 01:40:20 --> Session: Class initialized using 'CodeIgniter\Session\Handlers\FileHandler' driver.
INFO - 2025-01-31 01:40:27 --> Session: Class initialized using 'CodeIgniter\Session\Handlers\FileHandler' driver.
CRITICAL - 2025-01-31 01:40:27 --> Undefined array key "ppicture"
in APPPATH\Views\main\manajemen-pengguna.php on line 152.
 1 APPPATH\Views\main\manajemen-pengguna.php(152): CodeIgniter\Debug\Exceptions->errorHandler(2, 'Undefined array key "ppicture"', 'C:\\Users\\tipti\\Documents\\Isa document\\task\\MBUG Development\\MBUG\\app\\Views\\main\\manajemen-pengguna.php', 152)
 2 SYSTEMPATH\View\View.php(224): include('C:\\Users\\tipti\\Documents\\Isa document\\task\\MBUG Development\\MBUG\\app\\Views\\main\\manajemen-pengguna.php')
 3 SYSTEMPATH\View\View.php(227): CodeIgniter\View\View->CodeIgniter\View\{closure}()
 4 SYSTEMPATH\Common.php(1180): CodeIgniter\View\View->render('main/manajemen-pengguna', [], true)
 5 APPPATH\Controllers\Admin.php(1226): view('main/manajemen-pengguna', [...])
 6 SYSTEMPATH\CodeIgniter.php(932): App\Controllers\Admin->manajemen()
 7 SYSTEMPATH\CodeIgniter.php(497): CodeIgniter\CodeIgniter->runController(Object(App\Controllers\Admin))
 8 SYSTEMPATH\CodeIgniter.php(366): CodeIgniter\CodeIgniter->handleRequest(null, Object(Config\Cache), false)
 9 FCPATH\index.php(67): CodeIgniter\CodeIgniter->run()
10 SYSTEMPATH\Commands\Server\rewrite.php(47): require_once('C:\\Users\\tipti\\Documents\\Isa document\\task\\MBUG Development\\MBUG\\public\\index.php')
INFO - 2025-01-31 01:40:34 --> Session: Class initialized using 'CodeIgniter\Session\Handlers\FileHandler' driver.
INFO - 2025-01-31 01:41:48 --> Session: Class initialized using 'CodeIgniter\Session\Handlers\FileHandler' driver.
INFO - 2025-01-31 01:41:50 --> Session: Class initialized using 'CodeIgniter\Session\Handlers\FileHandler' driver.
INFO - 2025-01-31 01:41:53 --> Session: Class initialized using 'CodeIgniter\Session\Handlers\FileHandler' driver.
INFO - 2025-01-31 01:42:05 --> Session: Class initialized using 'CodeIgniter\Session\Handlers\FileHandler' driver.
INFO - 2025-01-31 01:42:09 --> Session: Class initialized using 'CodeIgniter\Session\Handlers\FileHandler' driver.
INFO - 2025-01-31 01:43:09 --> Session: Class initialized using 'CodeIgniter\Session\Handlers\FileHandler' driver.
INFO - 2025-01-31 01:43:16 --> Session: Class initialized using 'CodeIgniter\Session\Handlers\FileHandler' driver.
CRITICAL - 2025-01-31 01:43:16 --> Undefined array key "ppicture"
in APPPATH\Views\main\manajemen-pengguna.php on line 152.
 1 APPPATH\Views\main\manajemen-pengguna.php(152): CodeIgniter\Debug\Exceptions->errorHandler(2, 'Undefined array key "ppicture"', 'C:\\Users\\tipti\\Documents\\Isa document\\task\\MBUG Development\\MBUG\\app\\Views\\main\\manajemen-pengguna.php', 152)
 2 SYSTEMPATH\View\View.php(224): include('C:\\Users\\tipti\\Documents\\Isa document\\task\\MBUG Development\\MBUG\\app\\Views\\main\\manajemen-pengguna.php')
 3 SYSTEMPATH\View\View.php(227): CodeIgniter\View\View->CodeIgniter\View\{closure}()
 4 SYSTEMPATH\Common.php(1180): CodeIgniter\View\View->render('main/manajemen-pengguna', [], true)
 5 APPPATH\Controllers\Admin.php(1227): view('main/manajemen-pengguna', [...])
 6 SYSTEMPATH\CodeIgniter.php(932): App\Controllers\Admin->manajemen()
 7 SYSTEMPATH\CodeIgniter.php(497): CodeIgniter\CodeIgniter->runController(Object(App\Controllers\Admin))
 8 SYSTEMPATH\CodeIgniter.php(366): CodeIgniter\CodeIgniter->handleRequest(null, Object(Config\Cache), false)
 9 FCPATH\index.php(67): CodeIgniter\CodeIgniter->run()
10 SYSTEMPATH\Commands\Server\rewrite.php(47): require_once('C:\\Users\\tipti\\Documents\\Isa document\\task\\MBUG Development\\MBUG\\public\\index.php')
INFO - 2025-01-31 01:46:02 --> Session: Class initialized using 'CodeIgniter\Session\Handlers\FileHandler' driver.
CRITICAL - 2025-01-31 01:46:02 --> Undefined array key "ppicture"
in APPPATH\Views\main\manajemen-pengguna.php on line 152.
 1 APPPATH\Views\main\manajemen-pengguna.php(152): CodeIgniter\Debug\Exceptions->errorHandler(2, 'Undefined array key "ppicture"', 'C:\\Users\\tipti\\Documents\\Isa document\\task\\MBUG Development\\MBUG\\app\\Views\\main\\manajemen-pengguna.php', 152)
 2 SYSTEMPATH\View\View.php(224): include('C:\\Users\\tipti\\Documents\\Isa document\\task\\MBUG Development\\MBUG\\app\\Views\\main\\manajemen-pengguna.php')
 3 SYSTEMPATH\View\View.php(227): CodeIgniter\View\View->CodeIgniter\View\{closure}()
 4 SYSTEMPATH\Common.php(1180): CodeIgniter\View\View->render('main/manajemen-pengguna', [], true)
 5 APPPATH\Controllers\Admin.php(1227): view('main/manajemen-pengguna', [...])
 6 SYSTEMPATH\CodeIgniter.php(932): App\Controllers\Admin->manajemen()
 7 SYSTEMPATH\CodeIgniter.php(497): CodeIgniter\CodeIgniter->runController(Object(App\Controllers\Admin))
 8 SYSTEMPATH\CodeIgniter.php(366): CodeIgniter\CodeIgniter->handleRequest(null, Object(Config\Cache), false)
 9 FCPATH\index.php(67): CodeIgniter\CodeIgniter->run()
10 SYSTEMPATH\Commands\Server\rewrite.php(47): require_once('C:\\Users\\tipti\\Documents\\Isa document\\task\\MBUG Development\\MBUG\\public\\index.php')
INFO - 2025-01-31 01:46:04 --> Session: Class initialized using 'CodeIgniter\Session\Handlers\FileHandler' driver.
INFO - 2025-01-31 01:46:11 --> Session: Class initialized using 'CodeIgniter\Session\Handlers\FileHandler' driver.
INFO - 2025-01-31 01:46:16 --> Session: Class initialized using 'CodeIgniter\Session\Handlers\FileHandler' driver.
INFO - 2025-01-31 01:46:19 --> Session: Class initialized using 'CodeIgniter\Session\Handlers\FileHandler' driver.
CRITICAL - 2025-01-31 01:46:19 --> Undefined array key "ppicture"
in APPPATH\Views\main\manajemen-pengguna.php on line 152.
 1 APPPATH\Views\main\manajemen-pengguna.php(152): CodeIgniter\Debug\Exceptions->errorHandler(2, 'Undefined array key "ppicture"', 'C:\\Users\\tipti\\Documents\\Isa document\\task\\MBUG Development\\MBUG\\app\\Views\\main\\manajemen-pengguna.php', 152)
 2 SYSTEMPATH\View\View.php(224): include('C:\\Users\\tipti\\Documents\\Isa document\\task\\MBUG Development\\MBUG\\app\\Views\\main\\manajemen-pengguna.php')
 3 SYSTEMPATH\View\View.php(227): CodeIgniter\View\View->CodeIgniter\View\{closure}()
 4 SYSTEMPATH\Common.php(1180): CodeIgniter\View\View->render('main/manajemen-pengguna', [], true)
 5 APPPATH\Controllers\Admin.php(1227): view('main/manajemen-pengguna', [...])
 6 SYSTEMPATH\CodeIgniter.php(932): App\Controllers\Admin->manajemen()
 7 SYSTEMPATH\CodeIgniter.php(497): CodeIgniter\CodeIgniter->runController(Object(App\Controllers\Admin))
 8 SYSTEMPATH\CodeIgniter.php(366): CodeIgniter\CodeIgniter->handleRequest(null, Object(Config\Cache), false)
 9 FCPATH\index.php(67): CodeIgniter\CodeIgniter->run()
10 SYSTEMPATH\Commands\Server\rewrite.php(47): require_once('C:\\Users\\tipti\\Documents\\Isa document\\task\\MBUG Development\\MBUG\\public\\index.php')
INFO - 2025-01-31 01:46:24 --> Session: Class initialized using 'CodeIgniter\Session\Handlers\FileHandler' driver.
INFO - 2025-01-31 01:46:26 --> Session: Class initialized using 'CodeIgniter\Session\Handlers\FileHandler' driver.
INFO - 2025-01-31 01:46:28 --> Session: Class initialized using 'CodeIgniter\Session\Handlers\FileHandler' driver.
INFO - 2025-01-31 01:47:02 --> Session: Class initialized using 'CodeIgniter\Session\Handlers\FileHandler' driver.
INFO - 2025-01-31 01:48:05 --> Session: Class initialized using 'CodeIgniter\Session\Handlers\FileHandler' driver.
CRITICAL - 2025-01-31 01:48:05 --> Undefined array key "ppicture"
in APPPATH\Views\main\manajemen-pengguna.php on line 152.
 1 APPPATH\Views\main\manajemen-pengguna.php(152): CodeIgniter\Debug\Exceptions->errorHandler(2, 'Undefined array key "ppicture"', 'C:\\Users\\tipti\\Documents\\Isa document\\task\\MBUG Development\\MBUG\\app\\Views\\main\\manajemen-pengguna.php', 152)
 2 SYSTEMPATH\View\View.php(224): include('C:\\Users\\tipti\\Documents\\Isa document\\task\\MBUG Development\\MBUG\\app\\Views\\main\\manajemen-pengguna.php')
 3 SYSTEMPATH\View\View.php(227): CodeIgniter\View\View->CodeIgniter\View\{closure}()
 4 SYSTEMPATH\Common.php(1180): CodeIgniter\View\View->render('main/manajemen-pengguna', [], true)
 5 APPPATH\Controllers\Admin.php(1227): view('main/manajemen-pengguna', [...])
 6 SYSTEMPATH\CodeIgniter.php(932): App\Controllers\Admin->manajemen()
 7 SYSTEMPATH\CodeIgniter.php(497): CodeIgniter\CodeIgniter->runController(Object(App\Controllers\Admin))
 8 SYSTEMPATH\CodeIgniter.php(366): CodeIgniter\CodeIgniter->handleRequest(null, Object(Config\Cache), false)
 9 FCPATH\index.php(67): CodeIgniter\CodeIgniter->run()
10 SYSTEMPATH\Commands\Server\rewrite.php(47): require_once('C:\\Users\\tipti\\Documents\\Isa document\\task\\MBUG Development\\MBUG\\public\\index.php')
INFO - 2025-01-31 01:49:26 --> Session: Class initialized using 'CodeIgniter\Session\Handlers\FileHandler' driver.
CRITICAL - 2025-01-31 01:49:26 --> Undefined array key "ppicture"
in APPPATH\Views\main\manajemen-pengguna.php on line 152.
 1 APPPATH\Views\main\manajemen-pengguna.php(152): CodeIgniter\Debug\Exceptions->errorHandler(2, 'Undefined array key "ppicture"', 'C:\\Users\\tipti\\Documents\\Isa document\\task\\MBUG Development\\MBUG\\app\\Views\\main\\manajemen-pengguna.php', 152)
 2 SYSTEMPATH\View\View.php(224): include('C:\\Users\\tipti\\Documents\\Isa document\\task\\MBUG Development\\MBUG\\app\\Views\\main\\manajemen-pengguna.php')
 3 SYSTEMPATH\View\View.php(227): CodeIgniter\View\View->CodeIgniter\View\{closure}()
 4 SYSTEMPATH\Common.php(1180): CodeIgniter\View\View->render('main/manajemen-pengguna', [], true)
 5 APPPATH\Controllers\Admin.php(1227): view('main/manajemen-pengguna', [...])
 6 SYSTEMPATH\CodeIgniter.php(932): App\Controllers\Admin->manajemen()
 7 SYSTEMPATH\CodeIgniter.php(497): CodeIgniter\CodeIgniter->runController(Object(App\Controllers\Admin))
 8 SYSTEMPATH\CodeIgniter.php(366): CodeIgniter\CodeIgniter->handleRequest(null, Object(Config\Cache), false)
 9 FCPATH\index.php(67): CodeIgniter\CodeIgniter->run()
10 SYSTEMPATH\Commands\Server\rewrite.php(47): require_once('C:\\Users\\tipti\\Documents\\Isa document\\task\\MBUG Development\\MBUG\\public\\index.php')
INFO - 2025-01-31 01:49:58 --> Session: Class initialized using 'CodeIgniter\Session\Handlers\FileHandler' driver.
INFO - 2025-01-31 01:50:08 --> Session: Class initialized using 'CodeIgniter\Session\Handlers\FileHandler' driver.
INFO - 2025-01-31 01:54:56 --> Session: Class initialized using 'CodeIgniter\Session\Handlers\FileHandler' driver.
CRITICAL - 2025-01-31 01:54:56 --> Call to undefined method App\Models\userModel::getAllUsersWithProfile
in SYSTEMPATH\Model.php on line 838.
 1 APPPATH\Controllers\Admin.php(1218): CodeIgniter\Model->__call('getAllUsersWithProfile', [])
 2 SYSTEMPATH\CodeIgniter.php(932): App\Controllers\Admin->manajemen()
 3 SYSTEMPATH\CodeIgniter.php(497): CodeIgniter\CodeIgniter->runController(Object(App\Controllers\Admin))
 4 SYSTEMPATH\CodeIgniter.php(366): CodeIgniter\CodeIgniter->handleRequest(null, Object(Config\Cache), false)
 5 FCPATH\index.php(67): CodeIgniter\CodeIgniter->run()
 6 SYSTEMPATH\Commands\Server\rewrite.php(47): require_once('C:\\Users\\tipti\\Documents\\Isa document\\task\\MBUG Development\\MBUG\\public\\index.php')
INFO - 2025-01-31 01:56:09 --> Session: Class initialized using 'CodeIgniter\Session\Handlers\FileHandler' driver.
INFO - 2025-01-31 01:57:33 --> Session: Class initialized using 'CodeIgniter\Session\Handlers\FileHandler' driver.
INFO - 2025-01-31 01:58:27 --> Session: Class initialized using 'CodeIgniter\Session\Handlers\FileHandler' driver.
INFO - 2025-01-31 01:58:31 --> Session: Class initialized using 'CodeIgniter\Session\Handlers\FileHandler' driver.
INFO - 2025-01-31 01:58:37 --> Session: Class initialized using 'CodeIgniter\Session\Handlers\FileHandler' driver.
INFO - 2025-01-31 02:05:15 --> Session: Class initialized using 'CodeIgniter\Session\Handlers\FileHandler' driver.
INFO - 2025-01-31 02:06:06 --> Session: Class initialized using 'CodeIgniter\Session\Handlers\FileHandler' driver.
INFO - 2025-01-31 02:06:11 --> Session: Class initialized using 'CodeIgniter\Session\Handlers\FileHandler' driver.
INFO - 2025-01-31 02:31:49 --> Session: Class initialized using 'CodeIgniter\Session\Handlers\FileHandler' driver.
INFO - 2025-01-31 02:31:52 --> Session: Class initialized using 'CodeIgniter\Session\Handlers\FileHandler' driver.
INFO - 2025-01-31 02:31:53 --> Session: Class initialized using 'CodeIgniter\Session\Handlers\FileHandler' driver.
INFO - 2025-01-31 02:31:58 --> Session: Class initialized using 'CodeIgniter\Session\Handlers\FileHandler' driver.
INFO - 2025-01-31 02:32:03 --> Session: Class initialized using 'CodeIgniter\Session\Handlers\FileHandler' driver.
INFO - 2025-01-31 02:32:09 --> Session: Class initialized using 'CodeIgniter\Session\Handlers\FileHandler' driver.
INFO - 2025-01-31 02:32:16 --> Session: Class initialized using 'CodeIgniter\Session\Handlers\FileHandler' driver.
INFO - 2025-01-31 02:32:22 --> Session: Class initialized using 'CodeIgniter\Session\Handlers\FileHandler' driver.
INFO - 2025-01-31 02:32:31 --> Session: Class initialized using 'CodeIgniter\Session\Handlers\FileHandler' driver.
INFO - 2025-01-31 02:32:34 --> Session: Class initialized using 'CodeIgniter\Session\Handlers\FileHandler' driver.
