CRITICAL - 2023-07-09 05:15:26 --> Undefined variable $role
in APPPATH\Views\main\edit-beasiswa.php on line 31.
 1 APPPATH\Views\main\edit-beasiswa.php(31): CodeIgniter\Debug\Exceptions->errorHandler(2, 'Undefined variable $role', 'C:\\xampp\\htdocs\\codeigniter-MBUG\\app\\Views\\main\\edit-beasiswa.php', 31)
 2 SYSTEMPATH\View\View.php(224): include('C:\\xampp\\htdocs\\codeigniter-MBUG\\app\\Views\\main\\edit-beasiswa.php')
 3 SYSTEMPATH\View\View.php(227): CodeIgniter\View\View->CodeIgniter\View\{closure}()
 4 SYSTEMPATH\Common.php(1180): CodeIgniter\View\View->render('main/edit-beasiswa', [], true)
 5 APPPATH\Controllers\frontend.php(17): view('main/edit-beasiswa', [...])
 6 SYSTEMPATH\CodeIgniter.php(932): App\Controllers\frontend->edit_beasiswa()
 7 SYSTEMPATH\CodeIgniter.php(497): CodeIgniter\CodeIgniter->runController(Object(App\Controllers\frontend))
 8 SYSTEMPATH\CodeIgniter.php(366): CodeIgniter\CodeIgniter->handleRequest(null, Object(Config\Cache), false)
 9 FCPATH\index.php(67): CodeIgniter\CodeIgniter->run()
10 SYSTEMPATH\Commands\Server\rewrite.php(47): require_once('C:\\xampp\\htdocs\\codeigniter-MBUG\\public\\index.php')
CRITICAL - 2023-07-09 05:15:49 --> Undefined variable $role
in APPPATH\Views\main\edit-beasiswa.php on line 32.
 1 APPPATH\Views\main\edit-beasiswa.php(32): CodeIgniter\Debug\Exceptions->errorHandler(2, 'Undefined variable $role', 'C:\\xampp\\htdocs\\codeigniter-MBUG\\app\\Views\\main\\edit-beasiswa.php', 32)
 2 SYSTEMPATH\View\View.php(224): include('C:\\xampp\\htdocs\\codeigniter-MBUG\\app\\Views\\main\\edit-beasiswa.php')
 3 SYSTEMPATH\View\View.php(227): CodeIgniter\View\View->CodeIgniter\View\{closure}()
 4 SYSTEMPATH\Common.php(1180): CodeIgniter\View\View->render('main/edit-beasiswa', [], true)
 5 APPPATH\Controllers\frontend.php(17): view('main/edit-beasiswa', [...])
 6 SYSTEMPATH\CodeIgniter.php(932): App\Controllers\frontend->edit_beasiswa()
 7 SYSTEMPATH\CodeIgniter.php(497): CodeIgniter\CodeIgniter->runController(Object(App\Controllers\frontend))
 8 SYSTEMPATH\CodeIgniter.php(366): CodeIgniter\CodeIgniter->handleRequest(null, Object(Config\Cache), false)
 9 FCPATH\index.php(67): CodeIgniter\CodeIgniter->run()
10 SYSTEMPATH\Commands\Server\rewrite.php(47): require_once('C:\\xampp\\htdocs\\codeigniter-MBUG\\public\\index.php')
CRITICAL - 2023-07-09 05:16:03 --> Undefined variable $role
in APPPATH\Views\main\edit-beasiswa.php on line 32.
 1 APPPATH\Views\main\edit-beasiswa.php(32): CodeIgniter\Debug\Exceptions->errorHandler(2, 'Undefined variable $role', 'C:\\xampp\\htdocs\\codeigniter-MBUG\\app\\Views\\main\\edit-beasiswa.php', 32)
 2 SYSTEMPATH\View\View.php(224): include('C:\\xampp\\htdocs\\codeigniter-MBUG\\app\\Views\\main\\edit-beasiswa.php')
 3 SYSTEMPATH\View\View.php(227): CodeIgniter\View\View->CodeIgniter\View\{closure}()
 4 SYSTEMPATH\Common.php(1180): CodeIgniter\View\View->render('main/edit-beasiswa', [], true)
 5 APPPATH\Controllers\frontend.php(17): view('main/edit-beasiswa', [...])
 6 SYSTEMPATH\CodeIgniter.php(932): App\Controllers\frontend->edit_beasiswa()
 7 SYSTEMPATH\CodeIgniter.php(497): CodeIgniter\CodeIgniter->runController(Object(App\Controllers\frontend))
 8 SYSTEMPATH\CodeIgniter.php(366): CodeIgniter\CodeIgniter->handleRequest(null, Object(Config\Cache), false)
 9 FCPATH\index.php(67): CodeIgniter\CodeIgniter->run()
10 SYSTEMPATH\Commands\Server\rewrite.php(47): require_once('C:\\xampp\\htdocs\\codeigniter-MBUG\\public\\index.php')
CRITICAL - 2023-07-09 05:16:21 --> Undefined variable $role
in APPPATH\Views\main\edit-beasiswa.php on line 32.
 1 APPPATH\Views\main\edit-beasiswa.php(32): CodeIgniter\Debug\Exceptions->errorHandler(2, 'Undefined variable $role', 'C:\\xampp\\htdocs\\codeigniter-MBUG\\app\\Views\\main\\edit-beasiswa.php', 32)
 2 SYSTEMPATH\View\View.php(224): include('C:\\xampp\\htdocs\\codeigniter-MBUG\\app\\Views\\main\\edit-beasiswa.php')
 3 SYSTEMPATH\View\View.php(227): CodeIgniter\View\View->CodeIgniter\View\{closure}()
 4 SYSTEMPATH\Common.php(1180): CodeIgniter\View\View->render('main/edit-beasiswa', [], true)
 5 APPPATH\Controllers\frontend.php(17): view('main/edit-beasiswa', [...])
 6 SYSTEMPATH\CodeIgniter.php(932): App\Controllers\frontend->edit_beasiswa()
 7 SYSTEMPATH\CodeIgniter.php(497): CodeIgniter\CodeIgniter->runController(Object(App\Controllers\frontend))
 8 SYSTEMPATH\CodeIgniter.php(366): CodeIgniter\CodeIgniter->handleRequest(null, Object(Config\Cache), false)
 9 FCPATH\index.php(67): CodeIgniter\CodeIgniter->run()
10 SYSTEMPATH\Commands\Server\rewrite.php(47): require_once('C:\\xampp\\htdocs\\codeigniter-MBUG\\public\\index.php')
CRITICAL - 2023-07-09 05:16:31 --> Undefined variable $role
in APPPATH\Views\main\edit-beasiswa.php on line 32.
 1 APPPATH\Views\main\edit-beasiswa.php(32): CodeIgniter\Debug\Exceptions->errorHandler(2, 'Undefined variable $role', 'C:\\xampp\\htdocs\\codeigniter-MBUG\\app\\Views\\main\\edit-beasiswa.php', 32)
 2 SYSTEMPATH\View\View.php(224): include('C:\\xampp\\htdocs\\codeigniter-MBUG\\app\\Views\\main\\edit-beasiswa.php')
 3 SYSTEMPATH\View\View.php(227): CodeIgniter\View\View->CodeIgniter\View\{closure}()
 4 SYSTEMPATH\Common.php(1180): CodeIgniter\View\View->render('main/edit-beasiswa', [], true)
 5 APPPATH\Controllers\frontend.php(17): view('main/edit-beasiswa', [...])
 6 SYSTEMPATH\CodeIgniter.php(932): App\Controllers\frontend->edit_beasiswa()
 7 SYSTEMPATH\CodeIgniter.php(497): CodeIgniter\CodeIgniter->runController(Object(App\Controllers\frontend))
 8 SYSTEMPATH\CodeIgniter.php(366): CodeIgniter\CodeIgniter->handleRequest(null, Object(Config\Cache), false)
 9 FCPATH\index.php(67): CodeIgniter\CodeIgniter->run()
10 SYSTEMPATH\Commands\Server\rewrite.php(47): require_once('C:\\xampp\\htdocs\\codeigniter-MBUG\\public\\index.php')
CRITICAL - 2023-07-09 05:16:44 --> Undefined variable $berkas
in APPPATH\Views\main\edit-beasiswa.php on line 37.
 1 APPPATH\Views\main\edit-beasiswa.php(37): CodeIgniter\Debug\Exceptions->errorHandler(2, 'Undefined variable $berkas', 'C:\\xampp\\htdocs\\codeigniter-MBUG\\app\\Views\\main\\edit-beasiswa.php', 37)
 2 SYSTEMPATH\View\View.php(224): include('C:\\xampp\\htdocs\\codeigniter-MBUG\\app\\Views\\main\\edit-beasiswa.php')
 3 SYSTEMPATH\View\View.php(227): CodeIgniter\View\View->CodeIgniter\View\{closure}()
 4 SYSTEMPATH\Common.php(1180): CodeIgniter\View\View->render('main/edit-beasiswa', [], true)
 5 APPPATH\Controllers\frontend.php(17): view('main/edit-beasiswa', [...])
 6 SYSTEMPATH\CodeIgniter.php(932): App\Controllers\frontend->edit_beasiswa()
 7 SYSTEMPATH\CodeIgniter.php(497): CodeIgniter\CodeIgniter->runController(Object(App\Controllers\frontend))
 8 SYSTEMPATH\CodeIgniter.php(366): CodeIgniter\CodeIgniter->handleRequest(null, Object(Config\Cache), false)
 9 FCPATH\index.php(67): CodeIgniter\CodeIgniter->run()
10 SYSTEMPATH\Commands\Server\rewrite.php(47): require_once('C:\\xampp\\htdocs\\codeigniter-MBUG\\public\\index.php')
CRITICAL - 2023-07-09 05:16:56 --> Undefined variable $berkas
in APPPATH\Views\main\edit-beasiswa.php on line 43.
 1 APPPATH\Views\main\edit-beasiswa.php(43): CodeIgniter\Debug\Exceptions->errorHandler(2, 'Undefined variable $berkas', 'C:\\xampp\\htdocs\\codeigniter-MBUG\\app\\Views\\main\\edit-beasiswa.php', 43)
 2 SYSTEMPATH\View\View.php(224): include('C:\\xampp\\htdocs\\codeigniter-MBUG\\app\\Views\\main\\edit-beasiswa.php')
 3 SYSTEMPATH\View\View.php(227): CodeIgniter\View\View->CodeIgniter\View\{closure}()
 4 SYSTEMPATH\Common.php(1180): CodeIgniter\View\View->render('main/edit-beasiswa', [], true)
 5 APPPATH\Controllers\frontend.php(17): view('main/edit-beasiswa', [...])
 6 SYSTEMPATH\CodeIgniter.php(932): App\Controllers\frontend->edit_beasiswa()
 7 SYSTEMPATH\CodeIgniter.php(497): CodeIgniter\CodeIgniter->runController(Object(App\Controllers\frontend))
 8 SYSTEMPATH\CodeIgniter.php(366): CodeIgniter\CodeIgniter->handleRequest(null, Object(Config\Cache), false)
 9 FCPATH\index.php(67): CodeIgniter\CodeIgniter->run()
10 SYSTEMPATH\Commands\Server\rewrite.php(47): require_once('C:\\xampp\\htdocs\\codeigniter-MBUG\\public\\index.php')
CRITICAL - 2023-07-09 05:17:03 --> Undefined variable $berkas
in APPPATH\Views\main\edit-beasiswa.php on line 49.
 1 APPPATH\Views\main\edit-beasiswa.php(49): CodeIgniter\Debug\Exceptions->errorHandler(2, 'Undefined variable $berkas', 'C:\\xampp\\htdocs\\codeigniter-MBUG\\app\\Views\\main\\edit-beasiswa.php', 49)
 2 SYSTEMPATH\View\View.php(224): include('C:\\xampp\\htdocs\\codeigniter-MBUG\\app\\Views\\main\\edit-beasiswa.php')
 3 SYSTEMPATH\View\View.php(227): CodeIgniter\View\View->CodeIgniter\View\{closure}()
 4 SYSTEMPATH\Common.php(1180): CodeIgniter\View\View->render('main/edit-beasiswa', [], true)
 5 APPPATH\Controllers\frontend.php(17): view('main/edit-beasiswa', [...])
 6 SYSTEMPATH\CodeIgniter.php(932): App\Controllers\frontend->edit_beasiswa()
 7 SYSTEMPATH\CodeIgniter.php(497): CodeIgniter\CodeIgniter->runController(Object(App\Controllers\frontend))
 8 SYSTEMPATH\CodeIgniter.php(366): CodeIgniter\CodeIgniter->handleRequest(null, Object(Config\Cache), false)
 9 FCPATH\index.php(67): CodeIgniter\CodeIgniter->run()
10 SYSTEMPATH\Commands\Server\rewrite.php(47): require_once('C:\\xampp\\htdocs\\codeigniter-MBUG\\public\\index.php')
CRITICAL - 2023-07-09 05:21:44 --> Undefined variable $role
in APPPATH\Views\main\edit-beasiswa.php on line 32.
 1 APPPATH\Views\main\edit-beasiswa.php(32): CodeIgniter\Debug\Exceptions->errorHandler(2, 'Undefined variable $role', 'C:\\xampp\\htdocs\\codeigniter-MBUG\\app\\Views\\main\\edit-beasiswa.php', 32)
 2 SYSTEMPATH\View\View.php(224): include('C:\\xampp\\htdocs\\codeigniter-MBUG\\app\\Views\\main\\edit-beasiswa.php')
 3 SYSTEMPATH\View\View.php(227): CodeIgniter\View\View->CodeIgniter\View\{closure}()
 4 SYSTEMPATH\Common.php(1180): CodeIgniter\View\View->render('main/edit-beasiswa', [], true)
 5 APPPATH\Controllers\frontend.php(17): view('main/edit-beasiswa', [...])
 6 SYSTEMPATH\CodeIgniter.php(932): App\Controllers\frontend->edit_beasiswa()
 7 SYSTEMPATH\CodeIgniter.php(497): CodeIgniter\CodeIgniter->runController(Object(App\Controllers\frontend))
 8 SYSTEMPATH\CodeIgniter.php(366): CodeIgniter\CodeIgniter->handleRequest(null, Object(Config\Cache), false)
 9 FCPATH\index.php(67): CodeIgniter\CodeIgniter->run()
10 SYSTEMPATH\Commands\Server\rewrite.php(47): require_once('C:\\xampp\\htdocs\\codeigniter-MBUG\\public\\index.php')
