INFO - 2024-10-17 17:39:32 --> Session: Class initialized using 'CodeIgniter\Session\Handlers\FileHandler' driver.
INFO - 2024-10-17 17:39:36 --> Session: Class initialized using 'CodeIgniter\Session\Handlers\FileHandler' driver.
INFO - 2024-10-17 17:39:47 --> Session: Class initialized using 'CodeIgniter\Session\Handlers\FileHandler' driver.
ERROR - 2024-10-17 17:39:51 --> Error connecting to the database: mysqli_sql_exception: No connection could be made because the target machine actively refused it in C:\Users\isata\OneDrive\Dokumen\Tugas\Semester_8\MBUG dev\MBUG\vendor\codeigniter4\framework\system\Database\MySQLi\Connection.php:173
Stack trace:
#0 C:\Users\isata\OneDrive\Dokumen\Tugas\Semester_8\MBUG dev\MBUG\vendor\codeigniter4\framework\system\Database\MySQLi\Connection.php(173): mysqli->real_connect('localhost', 'root', Object(SensitiveParameterValue), 'mbug', 3306, '', 0)
#1 C:\Users\isata\OneDrive\Dokumen\Tugas\Semester_8\MBUG dev\MBUG\vendor\codeigniter4\framework\system\Database\BaseConnection.php(391): CodeIgniter\Database\MySQLi\Connection->connect(false)
#2 C:\Users\isata\OneDrive\Dokumen\Tugas\Semester_8\MBUG dev\MBUG\vendor\codeigniter4\framework\system\Database\BaseConnection.php(574): CodeIgniter\Database\BaseConnection->initialize()
#3 C:\Users\isata\OneDrive\Dokumen\Tugas\Semester_8\MBUG dev\MBUG\vendor\codeigniter4\framework\system\Database\BaseBuilder.php(1616): CodeIgniter\Database\BaseConnection->query('SELECT *\nFROM `...', Array, false)
#4 C:\Users\isata\OneDrive\Dokumen\Tugas\Semester_8\MBUG dev\MBUG\app\Models\loginModel.php(16): CodeIgniter\Database\BaseBuilder->get()
#5 C:\Users\isata\OneDrive\Dokumen\Tugas\Semester_8\MBUG dev\MBUG\app\Controllers\Admin.php(53): App\Models\loginModel->login_check_a('10120700', 'umul')
#6 C:\Users\isata\OneDrive\Dokumen\Tugas\Semester_8\MBUG dev\MBUG\vendor\codeigniter4\framework\system\CodeIgniter.php(932): App\Controllers\Admin->admin_login_check()
#7 C:\Users\isata\OneDrive\Dokumen\Tugas\Semester_8\MBUG dev\MBUG\vendor\codeigniter4\framework\system\CodeIgniter.php(497): CodeIgniter\CodeIgniter->runController(Object(App\Controllers\Admin))
#8 C:\Users\isata\OneDrive\Dokumen\Tugas\Semester_8\MBUG dev\MBUG\vendor\codeigniter4\framework\system\CodeIgniter.php(366): CodeIgniter\CodeIgniter->handleRequest(NULL, Object(Config\Cache), false)
#9 C:\Users\isata\OneDrive\Dokumen\Tugas\Semester_8\MBUG dev\MBUG\public\index.php(67): CodeIgniter\CodeIgniter->run()
#10 C:\Users\isata\OneDrive\Dokumen\Tugas\Semester_8\MBUG dev\MBUG\vendor\codeigniter4\framework\system\Commands\Server\rewrite.php(47): require_once('C:\\Users\\isata\\...')
#11 {main}

Next CodeIgniter\Database\Exceptions\DatabaseException: No connection could be made because the target machine actively refused it in C:\Users\isata\OneDrive\Dokumen\Tugas\Semester_8\MBUG dev\MBUG\vendor\codeigniter4\framework\system\Database\MySQLi\Connection.php:218
Stack trace:
#0 C:\Users\isata\OneDrive\Dokumen\Tugas\Semester_8\MBUG dev\MBUG\vendor\codeigniter4\framework\system\Database\BaseConnection.php(391): CodeIgniter\Database\MySQLi\Connection->connect(false)
#1 C:\Users\isata\OneDrive\Dokumen\Tugas\Semester_8\MBUG dev\MBUG\vendor\codeigniter4\framework\system\Database\BaseConnection.php(574): CodeIgniter\Database\BaseConnection->initialize()
#2 C:\Users\isata\OneDrive\Dokumen\Tugas\Semester_8\MBUG dev\MBUG\vendor\codeigniter4\framework\system\Database\BaseBuilder.php(1616): CodeIgniter\Database\BaseConnection->query('SELECT *\nFROM `...', Array, false)
#3 C:\Users\isata\OneDrive\Dokumen\Tugas\Semester_8\MBUG dev\MBUG\app\Models\loginModel.php(16): CodeIgniter\Database\BaseBuilder->get()
#4 C:\Users\isata\OneDrive\Dokumen\Tugas\Semester_8\MBUG dev\MBUG\app\Controllers\Admin.php(53): App\Models\loginModel->login_check_a('10120700', 'umul')
#5 C:\Users\isata\OneDrive\Dokumen\Tugas\Semester_8\MBUG dev\MBUG\vendor\codeigniter4\framework\system\CodeIgniter.php(932): App\Controllers\Admin->admin_login_check()
#6 C:\Users\isata\OneDrive\Dokumen\Tugas\Semester_8\MBUG dev\MBUG\vendor\codeigniter4\framework\system\CodeIgniter.php(497): CodeIgniter\CodeIgniter->runController(Object(App\Controllers\Admin))
#7 C:\Users\isata\OneDrive\Dokumen\Tugas\Semester_8\MBUG dev\MBUG\vendor\codeigniter4\framework\system\CodeIgniter.php(366): CodeIgniter\CodeIgniter->handleRequest(NULL, Object(Config\Cache), false)
#8 C:\Users\isata\OneDrive\Dokumen\Tugas\Semester_8\MBUG dev\MBUG\public\index.php(67): CodeIgniter\CodeIgniter->run()
#9 C:\Users\isata\OneDrive\Dokumen\Tugas\Semester_8\MBUG dev\MBUG\vendor\codeigniter4\framework\system\Commands\Server\rewrite.php(47): require_once('C:\\Users\\isata\\...')
#10 {main}
CRITICAL - 2024-10-17 17:39:51 --> Unable to connect to the database.
Main connection [MySQLi]: No connection could be made because the target machine actively refused it
in SYSTEMPATH\Database\BaseConnection.php on line 427.
 1 SYSTEMPATH\Database\BaseConnection.php(574): CodeIgniter\Database\BaseConnection->initialize()
 2 SYSTEMPATH\Database\BaseBuilder.php(1616): CodeIgniter\Database\BaseConnection->query('SELECT *
FROM `user`
WHERE `username` = :username:
AND `password` = :password:', [...], false)
 3 APPPATH\Models\loginModel.php(16): CodeIgniter\Database\BaseBuilder->get()
 4 APPPATH\Controllers\Admin.php(53): App\Models\loginModel->login_check_a('10120700', 'umul')
 5 SYSTEMPATH\CodeIgniter.php(932): App\Controllers\Admin->admin_login_check()
 6 SYSTEMPATH\CodeIgniter.php(497): CodeIgniter\CodeIgniter->runController(Object(App\Controllers\Admin))
 7 SYSTEMPATH\CodeIgniter.php(366): CodeIgniter\CodeIgniter->handleRequest(null, Object(Config\Cache), false)
 8 FCPATH\index.php(67): CodeIgniter\CodeIgniter->run()
 9 SYSTEMPATH\Commands\Server\rewrite.php(47): require_once('C:\\Users\\isata\\OneDrive\\Dokumen\\Tugas\\Semester_8\\MBUG dev\\MBUG\\public\\index.php')
